<?xml version="1.0" encoding="UTF-8"?>
<!-- Generated by org.testng.reporters.JUnitReportReporter -->
<testsuite skipped="1" hostname="LAPTOP-L8O5THTG" name="testconcepts.Tc002_Orange" tests="3" failures="0" timestamp="06 Apr 2023 23:13:58 GMT" time="19.641" errors="0">
  <testcase name="forgotpassword" time="9.557" classname="testconcepts.Tc002_Orange"/>
  <testcase name="login" time="10.084" classname="testconcepts.Tc002_Orange"/>
  <testcase name="title" classname="testconcepts.Tc002_Orange">
    <skipped/>
  </testcase> <!-- title -->
</testsuite> <!-- testconcepts.Tc002_Orange -->
