<?xml version="1.0" encoding="UTF-8"?>
<!-- Generated by org.testng.reporters.JUnitReportReporter -->
<testsuite skipped="0" hostname="LAPTOP-L8O5THTG" name="testconcepts.TC003_practice" tests="2" failures="0" timestamp="07 Apr 2023 14:15:20 GMT" time="0.003" errors="0">
  <testcase name="compare" time="0.002" classname="testconcepts.TC003_practice"/>
  <testcase name="message" time="0.001" classname="testconcepts.TC003_practice"/>
</testsuite> <!-- testconcepts.TC003_practice -->
