<?xml version="1.0" encoding="UTF-8"?>
<!-- Generated by org.testng.reporters.JUnitReportReporter -->
<testsuite skipped="0" hostname="LAPTOP-L8O5THTG" name="testngconcepts.TC004_orangehrmapplication" tests="2" failures="0" timestamp="12 Mar 2023 16:40:58 GMT" time="23.962" errors="0">
  <testcase name="gettitle" time="13.376" classname="testngconcepts.TC004_orangehrmapplication"/>
  <testcase name="forgotpassword" time="10.586" classname="testngconcepts.TC004_orangehrmapplication"/>
</testsuite> <!-- testngconcepts.TC004_orangehrmapplication -->
