<?xml version="1.0" encoding="UTF-8"?>
<!-- Generated by org.testng.reporters.JUnitReportReporter -->
<testsuite skipped="0" hostname="LAPTOP-L8O5THTG" name="testngconcepts.TC003_periorities" tests="3" failures="0" timestamp="02 Mar 2023 15:30:47 GMT" time="0.003" errors="0">
  <testcase name="display" time="0.001" classname="testngconcepts.TC003_periorities"/>
  <testcase name="titlepage" time="0.001" classname="testngconcepts.TC003_periorities"/>
  <testcase name="button" time="0.001" classname="testngconcepts.TC003_periorities"/>
</testsuite> <!-- testngconcepts.TC003_periorities -->
