<?xml version="1.0" encoding="UTF-8"?>
<!-- Generated by org.testng.reporters.JUnitReportReporter -->
<testsuite skipped="0" hostname="LAPTOP-L8O5THTG" name="testngconcepts.TC001_Annotation" tests="2" failures="0" timestamp="28 Feb 2023 19:56:58 GMT" time="0.010" errors="0">
  <testcase name="displaymessage" time="0.009" classname="testngconcepts.TC001_Annotation"/>
  <testcase name="message" time="0.001" classname="testngconcepts.TC001_Annotation"/>
</testsuite> <!-- testngconcepts.TC001_Annotation -->
