<?xml version="1.0" encoding="UTF-8"?>
<!-- Generated by org.testng.reporters.JUnitReportReporter -->
<testsuite skipped="0" hostname="LAPTOP-L8O5THTG" name="testconcepts.Tc001_testngconcepts" tests="2" failures="0" timestamp="07 Apr 2023 14:28:06 GMT" time="7.575" errors="0">
  <testcase name="logindisplay" time="3.182" classname="testconcepts.Tc001_testngconcepts"/>
  <testcase name="password" time="4.393" classname="testconcepts.Tc001_testngconcepts"/>
</testsuite> <!-- testconcepts.Tc001_testngconcepts -->
